current directory: /home/runner/Blank-Replit-LordRusty23/.bundle/ruby/3.1.0/gems/yajl-ruby-1.4.3/ext/yajl
/nix/store/c4bdx4dja3h06xg1ksv3f51alp5a44li-ruby-3.1.5/bin/ruby extconf.rb
creating Makefile

current directory: /home/runner/Blank-Replit-LordRusty23/.bundle/ruby/3.1.0/gems/yajl-ruby-1.4.3/ext/yajl
make DESTDIR\= sitearchdir\=./.gem.20240804-10889-mwxlz9 sitelibdir\=./.gem.20240804-10889-mwxlz9 clean

current directory: /home/runner/Blank-Replit-LordRusty23/.bundle/ruby/3.1.0/gems/yajl-ruby-1.4.3/ext/yajl
make DESTDIR\= sitearchdir\=./.gem.20240804-10889-mwxlz9 sitelibdir\=./.gem.20240804-10889-mwxlz9
compiling yajl.c
compiling yajl_alloc.c
compiling yajl_buf.c
compiling yajl_encode.c
compiling yajl_ext.c
yajl_ext.c: In function ‘rb_yajl_parser_parse’:
yajl_ext.c:538:17: warning: variable ‘stat’ set but not used [-Wunused-but-set-variable]
  538 |     yajl_status stat;
      |                 ^~~~
compiling yajl_gen.c
compiling yajl_lex.c
compiling yajl_parser.c
compiling yajl_version.c
linking shared-object yajl/yajl.so

current directory: /home/runner/Blank-Replit-LordRusty23/.bundle/ruby/3.1.0/gems/yajl-ruby-1.4.3/ext/yajl
make DESTDIR\= sitearchdir\=./.gem.20240804-10889-mwxlz9 sitelibdir\=./.gem.20240804-10889-mwxlz9 install
install -c -p -m 755 yajl.so ./.gem.20240804-10889-mwxlz9/yajl

current directory: /home/runner/Blank-Replit-LordRusty23/.bundle/ruby/3.1.0/gems/yajl-ruby-1.4.3/ext/yajl
make DESTDIR\= sitearchdir\=./.gem.20240804-10889-mwxlz9 sitelibdir\=./.gem.20240804-10889-mwxlz9 clean
